[0.213s] DEBUG:colcon:Command line arguments: ['/usr/bin/colcon', 'build', '--packages-select', 'ground_segmentation']
[0.213s] DEBUG:colcon:Parsed command line arguments: Namespace(log_base=None, log_level=None, verb_name='build', build_base='build', install_base='install', merge_install=False, symlink_install=False, test_result_base=None, continue_on_error=False, executor='parallel', parallel_workers=2, event_handlers=None, ignore_user_meta=False, metas=['./colcon.meta'], base_paths=['.'], packages_ignore=None, packages_ignore_regex=None, paths=None, packages_up_to=None, packages_up_to_regex=None, packages_above=None, packages_above_and_dependencies=None, packages_above_depth=None, packages_select_by_dep=None, packages_skip_by_dep=None, packages_skip_up_to=None, packages_select_build_failed=False, packages_skip_build_finished=False, packages_select_test_failures=False, packages_skip_test_passed=False, packages_select=['ground_segmentation'], packages_skip=None, packages_select_regex=None, packages_skip_regex=None, packages_start=None, packages_end=None, allow_overriding=[], cmake_args=None, cmake_target=None, cmake_target_skip_unavailable=False, cmake_clean_cache=False, cmake_clean_first=False, cmake_force_configure=False, ament_cmake_args=None, catkin_cmake_args=None, catkin_skip_building_tests=False, mixin_files=None, mixin=None, verb_parser=<colcon_mixin.mixin.mixin_argument.MixinArgumentDecorator object at 0x723266abe150>, verb_extension=<colcon_core.verb.build.BuildVerb object at 0x723266abde80>, main=<bound method BuildVerb.main of <colcon_core.verb.build.BuildVerb object at 0x723266abde80>>, mixin_verb=('build',))
[0.297s] Level 1:colcon.colcon_core.package_discovery:discover_packages(colcon_meta) check parameters
[0.297s] Level 1:colcon.colcon_core.package_discovery:discover_packages(recursive) check parameters
[0.297s] Level 1:colcon.colcon_core.package_discovery:discover_packages(ignore) check parameters
[0.297s] Level 1:colcon.colcon_core.package_discovery:discover_packages(path) check parameters
[0.297s] Level 1:colcon.colcon_core.package_discovery:discover_packages(colcon_meta) discover
[0.297s] Level 1:colcon.colcon_core.package_discovery:discover_packages(recursive) discover
[0.297s] INFO:colcon.colcon_core.package_discovery:Crawling recursively for packages in '/home/fabio/FRE_RoboSenseAIRY'
[0.297s] Level 1:colcon.colcon_core.package_identification:_identify(.) by extensions ['ignore', 'ignore_ament_install']
[0.297s] Level 1:colcon.colcon_core.package_identification:_identify(.) by extension 'ignore'
[0.297s] Level 1:colcon.colcon_core.package_identification:_identify(.) by extension 'ignore_ament_install'
[0.297s] Level 1:colcon.colcon_core.package_identification:_identify(.) by extensions ['colcon_pkg']
[0.297s] Level 1:colcon.colcon_core.package_identification:_identify(.) by extension 'colcon_pkg'
[0.297s] Level 1:colcon.colcon_core.package_identification:_identify(.) by extensions ['colcon_meta']
[0.297s] Level 1:colcon.colcon_core.package_identification:_identify(.) by extension 'colcon_meta'
[0.297s] Level 1:colcon.colcon_core.package_identification:_identify(.) by extensions ['ros']
[0.297s] Level 1:colcon.colcon_core.package_identification:_identify(.) by extension 'ros'
[0.330s] Level 1:colcon.colcon_core.package_identification:_identify(.) by extensions ['cmake', 'python']
[0.330s] Level 1:colcon.colcon_core.package_identification:_identify(.) by extension 'cmake'
[0.330s] Level 1:colcon.colcon_core.package_identification:_identify(.) by extension 'python'
[0.330s] Level 1:colcon.colcon_core.package_identification:_identify(.) by extensions ['python_setup_py']
[0.330s] Level 1:colcon.colcon_core.package_identification:_identify(.) by extension 'python_setup_py'
[0.330s] Level 1:colcon.colcon_core.package_identification:_identify(build) by extensions ['ignore', 'ignore_ament_install']
[0.330s] Level 1:colcon.colcon_core.package_identification:_identify(build) by extension 'ignore'
[0.330s] Level 1:colcon.colcon_core.package_identification:_identify(build) ignored
[0.330s] Level 1:colcon.colcon_core.package_identification:_identify(ground_segmentation) by extensions ['ignore', 'ignore_ament_install']
[0.330s] Level 1:colcon.colcon_core.package_identification:_identify(ground_segmentation) by extension 'ignore'
[0.331s] Level 1:colcon.colcon_core.package_identification:_identify(ground_segmentation) by extension 'ignore_ament_install'
[0.331s] Level 1:colcon.colcon_core.package_identification:_identify(ground_segmentation) by extensions ['colcon_pkg']
[0.331s] Level 1:colcon.colcon_core.package_identification:_identify(ground_segmentation) by extension 'colcon_pkg'
[0.331s] Level 1:colcon.colcon_core.package_identification:_identify(ground_segmentation) by extensions ['colcon_meta']
[0.331s] Level 1:colcon.colcon_core.package_identification:_identify(ground_segmentation) by extension 'colcon_meta'
[0.331s] Level 1:colcon.colcon_core.package_identification:_identify(ground_segmentation) by extensions ['ros']
[0.331s] Level 1:colcon.colcon_core.package_identification:_identify(ground_segmentation) by extension 'ros'
[0.335s] DEBUG:colcon.colcon_core.package_identification:Package 'ground_segmentation' with type 'ros.ament_cmake' and name 'ground_segmentation'
[0.335s] Level 1:colcon.colcon_core.package_identification:_identify(install) by extensions ['ignore', 'ignore_ament_install']
[0.335s] Level 1:colcon.colcon_core.package_identification:_identify(install) by extension 'ignore'
[0.335s] Level 1:colcon.colcon_core.package_identification:_identify(install) ignored
[0.335s] Level 1:colcon.colcon_core.package_identification:_identify(log) by extensions ['ignore', 'ignore_ament_install']
[0.335s] Level 1:colcon.colcon_core.package_identification:_identify(log) by extension 'ignore'
[0.335s] Level 1:colcon.colcon_core.package_identification:_identify(log) ignored
[0.335s] Level 1:colcon.colcon_core.package_identification:_identify(rslidar_msg) by extensions ['ignore', 'ignore_ament_install']
[0.335s] Level 1:colcon.colcon_core.package_identification:_identify(rslidar_msg) by extension 'ignore'
[0.335s] Level 1:colcon.colcon_core.package_identification:_identify(rslidar_msg) by extension 'ignore_ament_install'
[0.335s] Level 1:colcon.colcon_core.package_identification:_identify(rslidar_msg) by extensions ['colcon_pkg']
[0.335s] Level 1:colcon.colcon_core.package_identification:_identify(rslidar_msg) by extension 'colcon_pkg'
[0.335s] Level 1:colcon.colcon_core.package_identification:_identify(rslidar_msg) by extensions ['colcon_meta']
[0.335s] Level 1:colcon.colcon_core.package_identification:_identify(rslidar_msg) by extension 'colcon_meta'
[0.335s] Level 1:colcon.colcon_core.package_identification:_identify(rslidar_msg) by extensions ['ros']
[0.335s] Level 1:colcon.colcon_core.package_identification:_identify(rslidar_msg) by extension 'ros'
[0.336s] DEBUG:colcon.colcon_core.package_identification:Package 'rslidar_msg' with type 'ros.ament_cmake' and name 'rslidar_msg'
[0.336s] Level 1:colcon.colcon_core.package_identification:_identify(rslidar_sdk) by extensions ['ignore', 'ignore_ament_install']
[0.336s] Level 1:colcon.colcon_core.package_identification:_identify(rslidar_sdk) by extension 'ignore'
[0.336s] Level 1:colcon.colcon_core.package_identification:_identify(rslidar_sdk) by extension 'ignore_ament_install'
[0.336s] Level 1:colcon.colcon_core.package_identification:_identify(rslidar_sdk) by extensions ['colcon_pkg']
[0.336s] Level 1:colcon.colcon_core.package_identification:_identify(rslidar_sdk) by extension 'colcon_pkg'
[0.336s] Level 1:colcon.colcon_core.package_identification:_identify(rslidar_sdk) by extensions ['colcon_meta']
[0.336s] Level 1:colcon.colcon_core.package_identification:_identify(rslidar_sdk) by extension 'colcon_meta'
[0.336s] Level 1:colcon.colcon_core.package_identification:_identify(rslidar_sdk) by extensions ['ros']
[0.336s] Level 1:colcon.colcon_core.package_identification:_identify(rslidar_sdk) by extension 'ros'
[0.342s] DEBUG:colcon.colcon_core.package_identification:Package 'rslidar_sdk' with type 'ros.ament_cmake' and name 'rslidar_sdk'
[0.342s] Level 1:colcon.colcon_core.package_discovery:discover_packages(recursive) using defaults
[0.343s] Level 1:colcon.colcon_core.package_discovery:discover_packages(ignore) discover
[0.343s] Level 1:colcon.colcon_core.package_discovery:discover_packages(ignore) using defaults
[0.343s] Level 1:colcon.colcon_core.package_discovery:discover_packages(path) discover
[0.343s] Level 1:colcon.colcon_core.package_discovery:discover_packages(path) using defaults
[0.372s] INFO:colcon.colcon_core.package_selection:Skipping not selected package 'rslidar_msg' in 'rslidar_msg'
[0.372s] INFO:colcon.colcon_core.package_selection:Skipping not selected package 'rslidar_sdk' in 'rslidar_sdk'
[0.372s] Level 1:colcon.colcon_core.package_discovery:discover_packages(prefix_path) check parameters
[0.372s] Level 1:colcon.colcon_core.package_discovery:discover_packages(prefix_path) discover
[0.377s] DEBUG:colcon.colcon_installed_package_information.package_discovery:Found 5 installed packages in /home/fabio/ros2_ws/install
[0.379s] DEBUG:colcon.colcon_installed_package_information.package_discovery:Found 294 installed packages in /opt/ros/jazzy
[0.379s] Level 1:colcon.colcon_core.package_discovery:discover_packages(prefix_path) using defaults
[0.416s] Level 5:colcon.colcon_core.verb:set package 'ground_segmentation' build argument 'cmake_args' from command line to 'None'
[0.416s] Level 5:colcon.colcon_core.verb:set package 'ground_segmentation' build argument 'cmake_target' from command line to 'None'
[0.416s] Level 5:colcon.colcon_core.verb:set package 'ground_segmentation' build argument 'cmake_target_skip_unavailable' from command line to 'False'
[0.416s] Level 5:colcon.colcon_core.verb:set package 'ground_segmentation' build argument 'cmake_clean_cache' from command line to 'False'
[0.416s] Level 5:colcon.colcon_core.verb:set package 'ground_segmentation' build argument 'cmake_clean_first' from command line to 'False'
[0.416s] Level 5:colcon.colcon_core.verb:set package 'ground_segmentation' build argument 'cmake_force_configure' from command line to 'False'
[0.416s] Level 5:colcon.colcon_core.verb:set package 'ground_segmentation' build argument 'ament_cmake_args' from command line to 'None'
[0.416s] Level 5:colcon.colcon_core.verb:set package 'ground_segmentation' build argument 'catkin_cmake_args' from command line to 'None'
[0.416s] Level 5:colcon.colcon_core.verb:set package 'ground_segmentation' build argument 'catkin_skip_building_tests' from command line to 'False'
[0.417s] DEBUG:colcon.colcon_core.verb:Building package 'ground_segmentation' with the following arguments: {'ament_cmake_args': None, 'build_base': '/home/fabio/FRE_RoboSenseAIRY/build/ground_segmentation', 'catkin_cmake_args': None, 'catkin_skip_building_tests': False, 'cmake_args': None, 'cmake_clean_cache': False, 'cmake_clean_first': False, 'cmake_force_configure': False, 'cmake_target': None, 'cmake_target_skip_unavailable': False, 'install_base': '/home/fabio/FRE_RoboSenseAIRY/install/ground_segmentation', 'merge_install': False, 'path': '/home/fabio/FRE_RoboSenseAIRY/ground_segmentation', 'symlink_install': False, 'test_result_base': None}
[0.417s] INFO:colcon.colcon_core.executor:Executing jobs using 'parallel' executor
[0.417s] DEBUG:colcon.colcon_parallel_executor.executor.parallel:run_until_complete
[0.417s] INFO:colcon.colcon_ros.task.ament_cmake.build:Building ROS package in '/home/fabio/FRE_RoboSenseAIRY/ground_segmentation' with build type 'ament_cmake'
[0.417s] INFO:colcon.colcon_cmake.task.cmake.build:Building CMake package in '/home/fabio/FRE_RoboSenseAIRY/ground_segmentation'
[0.425s] INFO:colcon.colcon_core.plugin_system:Skipping extension 'colcon_core.shell.bat': Not used on non-Windows systems
[0.425s] INFO:colcon.colcon_core.shell:Skip shell extension 'powershell' for command environment: Not usable outside of PowerShell
[0.425s] DEBUG:colcon.colcon_core.shell:Skip shell extension 'dsv' for command environment
[0.433s] DEBUG:colcon.colcon_core.event_handler.log_command:Invoking command in '/home/fabio/FRE_RoboSenseAIRY/build/ground_segmentation': CMAKE_PREFIX_PATH=${CMAKE_PREFIX_PATH}:/home/fabio/ros2_ws/install/warehouse_robot:/opt/ros/jazzy DEBUGINFOD_URLS=https://debuginfod.ubuntu.com /usr/bin/cmake /home/fabio/FRE_RoboSenseAIRY/ground_segmentation -DCMAKE_INSTALL_PREFIX=/home/fabio/FRE_RoboSenseAIRY/install/ground_segmentation
[5.524s] DEBUG:colcon.colcon_core.event_handler.log_command:Invoked command in '/home/fabio/FRE_RoboSenseAIRY/build/ground_segmentation' returned '0': CMAKE_PREFIX_PATH=${CMAKE_PREFIX_PATH}:/home/fabio/ros2_ws/install/warehouse_robot:/opt/ros/jazzy DEBUGINFOD_URLS=https://debuginfod.ubuntu.com /usr/bin/cmake /home/fabio/FRE_RoboSenseAIRY/ground_segmentation -DCMAKE_INSTALL_PREFIX=/home/fabio/FRE_RoboSenseAIRY/install/ground_segmentation
[5.524s] DEBUG:colcon.colcon_core.event_handler.log_command:Invoking command in '/home/fabio/FRE_RoboSenseAIRY/build/ground_segmentation': CMAKE_PREFIX_PATH=${CMAKE_PREFIX_PATH}:/home/fabio/ros2_ws/install/warehouse_robot:/opt/ros/jazzy DEBUGINFOD_URLS=https://debuginfod.ubuntu.com /usr/bin/cmake --build /home/fabio/FRE_RoboSenseAIRY/build/ground_segmentation -- -j2 -l2
[27.113s] DEBUG:colcon.colcon_core.event_handler.log_command:Invoked command in '/home/fabio/FRE_RoboSenseAIRY/build/ground_segmentation' returned '0': CMAKE_PREFIX_PATH=${CMAKE_PREFIX_PATH}:/home/fabio/ros2_ws/install/warehouse_robot:/opt/ros/jazzy DEBUGINFOD_URLS=https://debuginfod.ubuntu.com /usr/bin/cmake --build /home/fabio/FRE_RoboSenseAIRY/build/ground_segmentation -- -j2 -l2
[27.126s] DEBUG:colcon.colcon_core.event_handler.log_command:Invoking command in '/home/fabio/FRE_RoboSenseAIRY/build/ground_segmentation': CMAKE_PREFIX_PATH=${CMAKE_PREFIX_PATH}:/home/fabio/ros2_ws/install/warehouse_robot:/opt/ros/jazzy DEBUGINFOD_URLS=https://debuginfod.ubuntu.com /usr/bin/cmake --install /home/fabio/FRE_RoboSenseAIRY/build/ground_segmentation
[27.142s] Level 1:colcon.colcon_core.environment:create_environment_scripts_only(ground_segmentation)
[27.142s] DEBUG:colcon.colcon_core.event_handler.log_command:Invoked command in '/home/fabio/FRE_RoboSenseAIRY/build/ground_segmentation' returned '0': CMAKE_PREFIX_PATH=${CMAKE_PREFIX_PATH}:/home/fabio/ros2_ws/install/warehouse_robot:/opt/ros/jazzy DEBUGINFOD_URLS=https://debuginfod.ubuntu.com /usr/bin/cmake --install /home/fabio/FRE_RoboSenseAIRY/build/ground_segmentation
[27.151s] Level 1:colcon.colcon_core.environment:checking '/home/fabio/FRE_RoboSenseAIRY/install/ground_segmentation' for CMake module files
[27.151s] Level 1:colcon.colcon_core.environment:checking '/home/fabio/FRE_RoboSenseAIRY/install/ground_segmentation' for CMake config files
[27.152s] Level 1:colcon.colcon_core.shell:create_environment_hook('ground_segmentation', 'cmake_prefix_path')
[27.152s] INFO:colcon.colcon_core.shell:Creating environment hook '/home/fabio/FRE_RoboSenseAIRY/install/ground_segmentation/share/ground_segmentation/hook/cmake_prefix_path.ps1'
[27.153s] INFO:colcon.colcon_core.shell:Creating environment descriptor '/home/fabio/FRE_RoboSenseAIRY/install/ground_segmentation/share/ground_segmentation/hook/cmake_prefix_path.dsv'
[27.154s] INFO:colcon.colcon_core.shell:Creating environment hook '/home/fabio/FRE_RoboSenseAIRY/install/ground_segmentation/share/ground_segmentation/hook/cmake_prefix_path.sh'
[27.155s] Level 1:colcon.colcon_core.environment:checking '/home/fabio/FRE_RoboSenseAIRY/install/ground_segmentation/lib'
[27.155s] Level 1:colcon.colcon_core.environment:checking '/home/fabio/FRE_RoboSenseAIRY/install/ground_segmentation/bin'
[27.155s] Level 1:colcon.colcon_core.environment:checking '/home/fabio/FRE_RoboSenseAIRY/install/ground_segmentation/lib/pkgconfig/ground_segmentation.pc'
[27.155s] Level 1:colcon.colcon_core.environment:checking '/home/fabio/FRE_RoboSenseAIRY/install/ground_segmentation/lib/python3.12/site-packages'
[27.156s] Level 1:colcon.colcon_core.environment:checking '/home/fabio/FRE_RoboSenseAIRY/install/ground_segmentation/bin'
[27.156s] INFO:colcon.colcon_core.shell:Creating package script '/home/fabio/FRE_RoboSenseAIRY/install/ground_segmentation/share/ground_segmentation/package.ps1'
[27.157s] INFO:colcon.colcon_core.shell:Creating package descriptor '/home/fabio/FRE_RoboSenseAIRY/install/ground_segmentation/share/ground_segmentation/package.dsv'
[27.158s] INFO:colcon.colcon_core.shell:Creating package script '/home/fabio/FRE_RoboSenseAIRY/install/ground_segmentation/share/ground_segmentation/package.sh'
[27.159s] INFO:colcon.colcon_core.shell:Creating package script '/home/fabio/FRE_RoboSenseAIRY/install/ground_segmentation/share/ground_segmentation/package.bash'
[27.160s] INFO:colcon.colcon_core.shell:Creating package script '/home/fabio/FRE_RoboSenseAIRY/install/ground_segmentation/share/ground_segmentation/package.zsh'
[27.161s] Level 1:colcon.colcon_core.environment:create_file_with_runtime_dependencies(/home/fabio/FRE_RoboSenseAIRY/install/ground_segmentation/share/colcon-core/packages/ground_segmentation)
[27.161s] Level 1:colcon.colcon_core.environment:create_environment_scripts_only(ground_segmentation)
[27.161s] Level 1:colcon.colcon_core.environment:checking '/home/fabio/FRE_RoboSenseAIRY/install/ground_segmentation' for CMake module files
[27.161s] Level 1:colcon.colcon_core.environment:checking '/home/fabio/FRE_RoboSenseAIRY/install/ground_segmentation' for CMake config files
[27.162s] Level 1:colcon.colcon_core.shell:create_environment_hook('ground_segmentation', 'cmake_prefix_path')
[27.162s] INFO:colcon.colcon_core.shell:Creating environment hook '/home/fabio/FRE_RoboSenseAIRY/install/ground_segmentation/share/ground_segmentation/hook/cmake_prefix_path.ps1'
[27.162s] INFO:colcon.colcon_core.shell:Creating environment descriptor '/home/fabio/FRE_RoboSenseAIRY/install/ground_segmentation/share/ground_segmentation/hook/cmake_prefix_path.dsv'
[27.165s] INFO:colcon.colcon_core.shell:Creating environment hook '/home/fabio/FRE_RoboSenseAIRY/install/ground_segmentation/share/ground_segmentation/hook/cmake_prefix_path.sh'
[27.166s] Level 1:colcon.colcon_core.environment:checking '/home/fabio/FRE_RoboSenseAIRY/install/ground_segmentation/lib'
[27.166s] Level 1:colcon.colcon_core.environment:checking '/home/fabio/FRE_RoboSenseAIRY/install/ground_segmentation/bin'
[27.167s] Level 1:colcon.colcon_core.environment:checking '/home/fabio/FRE_RoboSenseAIRY/install/ground_segmentation/lib/pkgconfig/ground_segmentation.pc'
[27.167s] Level 1:colcon.colcon_core.environment:checking '/home/fabio/FRE_RoboSenseAIRY/install/ground_segmentation/lib/python3.12/site-packages'
[27.167s] Level 1:colcon.colcon_core.environment:checking '/home/fabio/FRE_RoboSenseAIRY/install/ground_segmentation/bin'
[27.167s] INFO:colcon.colcon_core.shell:Creating package script '/home/fabio/FRE_RoboSenseAIRY/install/ground_segmentation/share/ground_segmentation/package.ps1'
[27.168s] INFO:colcon.colcon_core.shell:Creating package descriptor '/home/fabio/FRE_RoboSenseAIRY/install/ground_segmentation/share/ground_segmentation/package.dsv'
[27.169s] INFO:colcon.colcon_core.shell:Creating package script '/home/fabio/FRE_RoboSenseAIRY/install/ground_segmentation/share/ground_segmentation/package.sh'
[27.169s] INFO:colcon.colcon_core.shell:Creating package script '/home/fabio/FRE_RoboSenseAIRY/install/ground_segmentation/share/ground_segmentation/package.bash'
[27.170s] INFO:colcon.colcon_core.shell:Creating package script '/home/fabio/FRE_RoboSenseAIRY/install/ground_segmentation/share/ground_segmentation/package.zsh'
[27.171s] Level 1:colcon.colcon_core.environment:create_file_with_runtime_dependencies(/home/fabio/FRE_RoboSenseAIRY/install/ground_segmentation/share/colcon-core/packages/ground_segmentation)
[27.172s] DEBUG:colcon.colcon_parallel_executor.executor.parallel:closing loop
[27.172s] DEBUG:colcon.colcon_parallel_executor.executor.parallel:loop closed
[27.172s] DEBUG:colcon.colcon_parallel_executor.executor.parallel:run_until_complete finished with '0'
[27.172s] DEBUG:colcon.colcon_core.event_reactor:joining thread
[27.187s] INFO:colcon.colcon_core.plugin_system:Skipping extension 'colcon_notification.desktop_notification.terminal_notifier': Not used on non-Darwin systems
[27.187s] INFO:colcon.colcon_core.plugin_system:Skipping extension 'colcon_notification.desktop_notification.win32': Not used on non-Windows systems
[27.188s] INFO:colcon.colcon_notification.desktop_notification:Sending desktop notification using 'notify2'
[27.291s] DEBUG:colcon.colcon_core.event_reactor:joined thread
[27.292s] INFO:colcon.colcon_core.shell:Creating prefix script '/home/fabio/FRE_RoboSenseAIRY/install/local_setup.ps1'
[27.293s] INFO:colcon.colcon_core.shell:Creating prefix util module '/home/fabio/FRE_RoboSenseAIRY/install/_local_setup_util_ps1.py'
[27.298s] INFO:colcon.colcon_core.shell:Creating prefix chain script '/home/fabio/FRE_RoboSenseAIRY/install/setup.ps1'
[27.300s] INFO:colcon.colcon_core.shell:Creating prefix script '/home/fabio/FRE_RoboSenseAIRY/install/local_setup.sh'
[27.301s] INFO:colcon.colcon_core.shell:Creating prefix util module '/home/fabio/FRE_RoboSenseAIRY/install/_local_setup_util_sh.py'
[27.302s] INFO:colcon.colcon_core.shell:Creating prefix chain script '/home/fabio/FRE_RoboSenseAIRY/install/setup.sh'
[27.303s] INFO:colcon.colcon_core.shell:Creating prefix script '/home/fabio/FRE_RoboSenseAIRY/install/local_setup.bash'
[27.303s] INFO:colcon.colcon_core.shell:Creating prefix chain script '/home/fabio/FRE_RoboSenseAIRY/install/setup.bash'
[27.304s] INFO:colcon.colcon_core.shell:Creating prefix script '/home/fabio/FRE_RoboSenseAIRY/install/local_setup.zsh'
[27.305s] INFO:colcon.colcon_core.shell:Creating prefix chain script '/home/fabio/FRE_RoboSenseAIRY/install/setup.zsh'
